<?xml version="1.0" encoding="UTF-8"?>
<!-- Generated by org.testng.reporters.JUnitXMLReporter -->
<testsuite ignored="0" hostname="LAPTOP-1826LOER" failures="0" tests="5" name="Default test" time="56.642" errors="0" timestamp="2023-06-13T07:16:20 IST">
  <testcase classname="datadrivenframework.LoginExcel" name="testLoginWithValidCredientials" time="4.357"/>
  <testcase classname="datadrivenframework.LoginExcel" name="testLoginWithValidCredientials" time="4.493"/>
  <testcase classname="datadrivenframework.LoginExcel" name="testLoginWithValidCredientials" time="4.395"/>
  <testcase classname="datadrivenframework.LoginExcel" name="testLoginWithValidCredientials" time="4.861"/>
  <testcase classname="datadrivenframework.LoginExcel" name="testLoginWithValidCredientials" time="4.324"/>
</testsuite> <!-- Default test -->
