<?xml version="1.0" encoding="UTF-8"?>
<!-- Generated by org.testng.reporters.JUnitXMLReporter -->
<testsuite ignored="0" hostname="LAPTOP-1826LOER" failures="0" tests="3" name="Default test" time="0.1" errors="0" timestamp="2023-06-10T07:34:12 IST">
  <testcase classname="annotations.TestngAnnotationDemo" name="b" time="0.011"/>
  <testcase classname="annotations.TestngAnnotationDemo" name="a" time="0.003"/>
  <testcase classname="annotations.TestngAnnotationDemo" name="c" time="0.003"/>
</testsuite> <!-- Default test -->
