<?xml version="1.0" encoding="UTF-8"?>
<testng-results ignored="0" total="5" passed="5" failed="0" skipped="0">
  <reporter-output>
  </reporter-output>
  <suite started-at="2023-06-13T07:15:23 IST" name="Default suite" finished-at="2023-06-13T07:16:20 IST" duration-ms="56642">
    <groups>
    </groups>
    <test started-at="2023-06-13T07:15:23 IST" name="Default test" finished-at="2023-06-13T07:16:20 IST" duration-ms="56642">
      <class name="datadrivenframework.LoginExcel">
        <test-method is-config="true" signature="setUpReport()[pri:0, instance:datadrivenframework.LoginExcel@73700b80]" started-at="2023-06-13T07:15:23 IST" name="setUpReport" finished-at="2023-06-13T07:15:23 IST" duration-ms="9" status="PASS">
          <reporter-output>
          </reporter-output>
        </test-method> <!-- setUpReport -->
        <test-method is-config="true" signature="setUp()[pri:0, instance:datadrivenframework.LoginExcel@73700b80]" started-at="2023-06-13T07:15:25 IST" name="setUp" finished-at="2023-06-13T07:15:32 IST" duration-ms="6887" status="PASS">
          <reporter-output>
          </reporter-output>
        </test-method> <!-- setUp -->
        <test-method signature="testLoginWithValidCredientials(java.lang.String,java.lang.String)[pri:0, instance:datadrivenframework.LoginExcel@73700b80]" started-at="2023-06-13T07:15:32 IST" name="testLoginWithValidCredientials" data-provider="actiData" finished-at="2023-06-13T07:15:36 IST" duration-ms="4357" status="PASS">
          <params>
            <param index="0">
              <value>
                <![CDATA[admin]]>
              </value>
            </param>
            <param index="1">
              <value>
                <![CDATA[manager]]>
              </value>
            </param>
          </params>
          <reporter-output>
          </reporter-output>
        </test-method> <!-- testLoginWithValidCredientials -->
        <test-method is-config="true" signature="tearDown()[pri:0, instance:datadrivenframework.LoginExcel@73700b80]" started-at="2023-06-13T07:15:36 IST" name="tearDown" finished-at="2023-06-13T07:15:36 IST" duration-ms="120" status="PASS">
          <reporter-output>
          </reporter-output>
        </test-method> <!-- tearDown -->
        <test-method is-config="true" signature="setUp()[pri:0, instance:datadrivenframework.LoginExcel@73700b80]" started-at="2023-06-13T07:15:36 IST" name="setUp" finished-at="2023-06-13T07:15:42 IST" duration-ms="5846" status="PASS">
          <reporter-output>
          </reporter-output>
        </test-method> <!-- setUp -->
        <test-method signature="testLoginWithValidCredientials(java.lang.String,java.lang.String)[pri:0, instance:datadrivenframework.LoginExcel@73700b80]" started-at="2023-06-13T07:15:42 IST" name="testLoginWithValidCredientials" data-provider="actiData" finished-at="2023-06-13T07:15:46 IST" duration-ms="4493" status="PASS">
          <params>
            <param index="0">
              <value>
                <![CDATA[admin]]>
              </value>
            </param>
            <param index="1">
              <value>
                <![CDATA[manager]]>
              </value>
            </param>
          </params>
          <reporter-output>
          </reporter-output>
        </test-method> <!-- testLoginWithValidCredientials -->
        <test-method is-config="true" signature="tearDown()[pri:0, instance:datadrivenframework.LoginExcel@73700b80]" started-at="2023-06-13T07:15:46 IST" name="tearDown" finished-at="2023-06-13T07:15:46 IST" duration-ms="110" status="PASS">
          <reporter-output>
          </reporter-output>
        </test-method> <!-- tearDown -->
        <test-method is-config="true" signature="setUp()[pri:0, instance:datadrivenframework.LoginExcel@73700b80]" started-at="2023-06-13T07:15:46 IST" name="setUp" finished-at="2023-06-13T07:15:53 IST" duration-ms="6151" status="PASS">
          <reporter-output>
          </reporter-output>
        </test-method> <!-- setUp -->
        <test-method signature="testLoginWithValidCredientials(java.lang.String,java.lang.String)[pri:0, instance:datadrivenframework.LoginExcel@73700b80]" started-at="2023-06-13T07:15:53 IST" name="testLoginWithValidCredientials" data-provider="actiData" finished-at="2023-06-13T07:15:57 IST" duration-ms="4395" status="PASS">
          <params>
            <param index="0">
              <value>
                <![CDATA[admin]]>
              </value>
            </param>
            <param index="1">
              <value>
                <![CDATA[manager]]>
              </value>
            </param>
          </params>
          <reporter-output>
          </reporter-output>
        </test-method> <!-- testLoginWithValidCredientials -->
        <test-method is-config="true" signature="tearDown()[pri:0, instance:datadrivenframework.LoginExcel@73700b80]" started-at="2023-06-13T07:15:57 IST" name="tearDown" finished-at="2023-06-13T07:15:57 IST" duration-ms="133" status="PASS">
          <reporter-output>
          </reporter-output>
        </test-method> <!-- tearDown -->
        <test-method is-config="true" signature="setUp()[pri:0, instance:datadrivenframework.LoginExcel@73700b80]" started-at="2023-06-13T07:15:57 IST" name="setUp" finished-at="2023-06-13T07:16:04 IST" duration-ms="7122" status="PASS">
          <reporter-output>
          </reporter-output>
        </test-method> <!-- setUp -->
        <test-method signature="testLoginWithValidCredientials(java.lang.String,java.lang.String)[pri:0, instance:datadrivenframework.LoginExcel@73700b80]" started-at="2023-06-13T07:16:04 IST" name="testLoginWithValidCredientials" data-provider="actiData" finished-at="2023-06-13T07:16:09 IST" duration-ms="4861" status="PASS">
          <params>
            <param index="0">
              <value>
                <![CDATA[admin]]>
              </value>
            </param>
            <param index="1">
              <value>
                <![CDATA[manager]]>
              </value>
            </param>
          </params>
          <reporter-output>
          </reporter-output>
        </test-method> <!-- testLoginWithValidCredientials -->
        <test-method is-config="true" signature="tearDown()[pri:0, instance:datadrivenframework.LoginExcel@73700b80]" started-at="2023-06-13T07:16:09 IST" name="tearDown" finished-at="2023-06-13T07:16:09 IST" duration-ms="109" status="PASS">
          <reporter-output>
          </reporter-output>
        </test-method> <!-- tearDown -->
        <test-method is-config="true" signature="setUp()[pri:0, instance:datadrivenframework.LoginExcel@73700b80]" started-at="2023-06-13T07:16:09 IST" name="setUp" finished-at="2023-06-13T07:16:15 IST" duration-ms="6175" status="PASS">
          <reporter-output>
          </reporter-output>
        </test-method> <!-- setUp -->
        <test-method signature="testLoginWithValidCredientials(java.lang.String,java.lang.String)[pri:0, instance:datadrivenframework.LoginExcel@73700b80]" started-at="2023-06-13T07:16:15 IST" name="testLoginWithValidCredientials" data-provider="actiData" finished-at="2023-06-13T07:16:20 IST" duration-ms="4324" status="PASS">
          <params>
            <param index="0">
              <value>
                <![CDATA[admin]]>
              </value>
            </param>
            <param index="1">
              <value>
                <![CDATA[manager]]>
              </value>
            </param>
          </params>
          <reporter-output>
          </reporter-output>
        </test-method> <!-- testLoginWithValidCredientials -->
        <test-method is-config="true" signature="tearDown()[pri:0, instance:datadrivenframework.LoginExcel@73700b80]" started-at="2023-06-13T07:16:20 IST" name="tearDown" finished-at="2023-06-13T07:16:20 IST" duration-ms="134" status="PASS">
          <reporter-output>
          </reporter-output>
        </test-method> <!-- tearDown -->
      </class> <!-- datadrivenframework.LoginExcel -->
    </test> <!-- Default test -->
  </suite> <!-- Default suite -->
</testng-results>
